<?xml version="1.0" encoding="UTF-8"?>
<!-- Generated by org.testng.reporters.JUnitReportReporter -->
<testsuite hostname="DESKTOP-FN82SNA" failures="0" tests="3" name="com.SwagLabs.testScripts.LoginPageTest" time="6.227" errors="0" timestamp="2024-01-09T16:51:06 IST" skipped="0">
  <testcase classname="com.SwagLabs.testScripts.LoginPageTest" name="verifyLoginFuncctionalityWithUsernameBlank" time="1.635"/>
  <system-out/>
  <testcase classname="com.SwagLabs.testScripts.LoginPageTest" name="verifyLoginWithBlankPassword" time="1.957"/>
  <system-out/>
  <testcase classname="com.SwagLabs.testScripts.LoginPageTest" name="verifyLoginWithInvalidUserNameAndPassword" time="2.635"/>
  <system-out/>
</testsuite> <!-- com.SwagLabs.testScripts.LoginPageTest -->
